<?xml version="1.0" encoding="UTF-8"?>
<!-- Generated by org.testng.reporters.JUnitXMLReporter -->
<testsuite ignored="0" hostname="Umeshs-MacBook-Pro.local" failures="0" tests="3" name="Test" time="12.137" errors="0" timestamp="2024-12-09T14:47:11 IST">
  <testcase classname="com.jenkins.demo_project1.TestCase1" name="Test1" time="0.281"/>
  <testcase classname="com.jenkins.demo_project1.TestCase1" name="Test2" time="0.453"/>
  <testcase classname="com.jenkins.demo_project1.TestCase1" name="Test3" time="0.302"/>
</testsuite> <!-- Test -->
