<?xml version="1.0" encoding="UTF-8"?>
<testng-results ignored="0" total="3" passed="3" failed="0" skipped="0">
  <reporter-output>
  </reporter-output>
  <suite started-at="2024-12-09T14:46:58 IST" name="Suite" finished-at="2024-12-09T14:47:10 IST" duration-ms="12137">
    <groups>
    </groups>
    <test started-at="2024-12-09T14:46:58 IST" name="Test" finished-at="2024-12-09T14:47:10 IST" duration-ms="12137">
      <class name="com.jenkins.demo_project1.TestCase1">
        <test-method is-config="true" signature="launchbrowser()[pri:0, instance:com.jenkins.demo_project1.TestCase1@32eff876]" started-at="2024-12-09T14:46:58 IST" name="launchbrowser" finished-at="2024-12-09T14:47:03 IST" duration-ms="4998" status="PASS">
          <reporter-output>
          </reporter-output>
        </test-method> <!-- launchbrowser -->
        <test-method signature="Test1()[pri:0, instance:com.jenkins.demo_project1.TestCase1@32eff876]" started-at="2024-12-09T14:47:03 IST" name="Test1" finished-at="2024-12-09T14:47:03 IST" duration-ms="281" status="PASS">
          <reporter-output>
          </reporter-output>
        </test-method> <!-- Test1 -->
        <test-method is-config="true" signature="quite()[pri:0, instance:com.jenkins.demo_project1.TestCase1@32eff876]" started-at="2024-12-09T14:47:03 IST" name="quite" finished-at="2024-12-09T14:47:04 IST" duration-ms="260" status="PASS">
          <reporter-output>
          </reporter-output>
        </test-method> <!-- quite -->
        <test-method is-config="true" signature="launchbrowser()[pri:0, instance:com.jenkins.demo_project1.TestCase1@32eff876]" started-at="2024-12-09T14:47:04 IST" name="launchbrowser" finished-at="2024-12-09T14:47:07 IST" duration-ms="3388" status="PASS">
          <reporter-output>
          </reporter-output>
        </test-method> <!-- launchbrowser -->
        <test-method signature="Test2()[pri:0, instance:com.jenkins.demo_project1.TestCase1@32eff876]" started-at="2024-12-09T14:47:07 IST" name="Test2" finished-at="2024-12-09T14:47:07 IST" duration-ms="453" status="PASS">
          <reporter-output>
          </reporter-output>
        </test-method> <!-- Test2 -->
        <test-method is-config="true" signature="quite()[pri:0, instance:com.jenkins.demo_project1.TestCase1@32eff876]" started-at="2024-12-09T14:47:07 IST" name="quite" finished-at="2024-12-09T14:47:08 IST" duration-ms="117" status="PASS">
          <reporter-output>
          </reporter-output>
        </test-method> <!-- quite -->
        <test-method is-config="true" signature="launchbrowser()[pri:0, instance:com.jenkins.demo_project1.TestCase1@32eff876]" started-at="2024-12-09T14:47:08 IST" name="launchbrowser" finished-at="2024-12-09T14:47:10 IST" duration-ms="2117" status="PASS">
          <reporter-output>
          </reporter-output>
        </test-method> <!-- launchbrowser -->
        <test-method signature="Test3()[pri:0, instance:com.jenkins.demo_project1.TestCase1@32eff876]" started-at="2024-12-09T14:47:10 IST" name="Test3" finished-at="2024-12-09T14:47:10 IST" duration-ms="302" status="PASS">
          <reporter-output>
          </reporter-output>
        </test-method> <!-- Test3 -->
        <test-method is-config="true" signature="quite()[pri:0, instance:com.jenkins.demo_project1.TestCase1@32eff876]" started-at="2024-12-09T14:47:10 IST" name="quite" finished-at="2024-12-09T14:47:10 IST" duration-ms="148" status="PASS">
          <reporter-output>
          </reporter-output>
        </test-method> <!-- quite -->
      </class> <!-- com.jenkins.demo_project1.TestCase1 -->
    </test> <!-- Test -->
  </suite> <!-- Suite -->
</testng-results>
